/home/bsc/bsc381408/.venvs/tfg/lib/python3.12/site-packages/transformers/utils/hub.py:110: FutureWarning: Using `TRANSFORMERS_CACHE` is deprecated and will be removed in v5 of Transformers. Use `HF_HOME` instead.
  warnings.warn(
Traceback (most recent call last):
  File "/home/bsc/bsc381408/.venvs/tfg/lib/python3.12/site-packages/transformers/utils/hub.py", line 479, in cached_files
    hf_hub_download(
  File "/home/bsc/bsc381408/.venvs/tfg/lib/python3.12/site-packages/huggingface_hub/utils/_validators.py", line 114, in _inner_fn
    return fn(*args, **kwargs)
           ^^^^^^^^^^^^^^^^^^^
  File "/home/bsc/bsc381408/.venvs/tfg/lib/python3.12/site-packages/huggingface_hub/file_download.py", line 1014, in hf_hub_download
    return _hf_hub_download_to_cache_dir(
           ^^^^^^^^^^^^^^^^^^^^^^^^^^^^^^
  File "/home/bsc/bsc381408/.venvs/tfg/lib/python3.12/site-packages/huggingface_hub/file_download.py", line 1121, in _hf_hub_download_to_cache_dir
    _raise_on_head_call_error(head_call_error, force_download, local_files_only)
  File "/home/bsc/bsc381408/.venvs/tfg/lib/python3.12/site-packages/huggingface_hub/file_download.py", line 1653, in _raise_on_head_call_error
    raise LocalEntryNotFoundError(
huggingface_hub.errors.LocalEntryNotFoundError: Cannot find the requested files in the disk cache and outgoing traffic has been disabled. To enable hf.co look-ups and downloads online, set 'local_files_only' to False.

The above exception was the direct cause of the following exception:

Traceback (most recent call last):
  File "/home/bsc/bsc381408/.venvs/tfg/bin/vllm", line 8, in <module>
    sys.exit(main())
             ^^^^^^
  File "/home/bsc/bsc381408/.venvs/tfg/lib/python3.12/site-packages/vllm/entrypoints/cli/main.py", line 73, in main
    args.dispatch_function(args)
  File "/home/bsc/bsc381408/.venvs/tfg/lib/python3.12/site-packages/vllm/entrypoints/cli/benchmark/serve.py", line 21, in cmd
    main(args)
  File "/home/bsc/bsc381408/.venvs/tfg/lib/python3.12/site-packages/vllm/benchmarks/serve.py", line 1507, in main
    return asyncio.run(main_async(args))
           ^^^^^^^^^^^^^^^^^^^^^^^^^^^^^
  File "/apps/GPP/PYTHON/3.12.1/INTEL/lib/python3.12/asyncio/runners.py", line 194, in run
    return runner.run(main)
           ^^^^^^^^^^^^^^^^
  File "/apps/GPP/PYTHON/3.12.1/INTEL/lib/python3.12/asyncio/runners.py", line 118, in run
    return self._loop.run_until_complete(task)
           ^^^^^^^^^^^^^^^^^^^^^^^^^^^^^^^^^^^
  File "/apps/GPP/PYTHON/3.12.1/INTEL/lib/python3.12/asyncio/base_events.py", line 684, in run_until_complete
    return future.result()
           ^^^^^^^^^^^^^^^
  File "/home/bsc/bsc381408/.venvs/tfg/lib/python3.12/site-packages/vllm/benchmarks/serve.py", line 1568, in main_async
    tokenizer = get_tokenizer(
                ^^^^^^^^^^^^^^
  File "/home/bsc/bsc381408/.venvs/tfg/lib/python3.12/site-packages/vllm/tokenizers/registry.py", line 214, in get_tokenizer
    tokenizer = tokenizer_cls_.from_pretrained(tokenizer_name, *args, **kwargs)
                ^^^^^^^^^^^^^^^^^^^^^^^^^^^^^^^^^^^^^^^^^^^^^^^^^^^^^^^^^^^^^^^
  File "/home/bsc/bsc381408/.venvs/tfg/lib/python3.12/site-packages/vllm/tokenizers/hf.py", line 79, in from_pretrained
    tokenizer = AutoTokenizer.from_pretrained(
                ^^^^^^^^^^^^^^^^^^^^^^^^^^^^^^
  File "/home/bsc/bsc381408/.venvs/tfg/lib/python3.12/site-packages/transformers/models/auto/tokenization_auto.py", line 1109, in from_pretrained
    config = AutoConfig.from_pretrained(
             ^^^^^^^^^^^^^^^^^^^^^^^^^^^
  File "/home/bsc/bsc381408/.venvs/tfg/lib/python3.12/site-packages/transformers/models/auto/configuration_auto.py", line 1332, in from_pretrained
    config_dict, unused_kwargs = PretrainedConfig.get_config_dict(pretrained_model_name_or_path, **kwargs)
                                 ^^^^^^^^^^^^^^^^^^^^^^^^^^^^^^^^^^^^^^^^^^^^^^^^^^^^^^^^^^^^^^^^^^^^^^^^^
  File "/home/bsc/bsc381408/.venvs/tfg/lib/python3.12/site-packages/transformers/configuration_utils.py", line 662, in get_config_dict
    config_dict, kwargs = cls._get_config_dict(pretrained_model_name_or_path, **kwargs)
                          ^^^^^^^^^^^^^^^^^^^^^^^^^^^^^^^^^^^^^^^^^^^^^^^^^^^^^^^^^^^^^
  File "/home/bsc/bsc381408/.venvs/tfg/lib/python3.12/site-packages/transformers/configuration_utils.py", line 721, in _get_config_dict
    resolved_config_file = cached_file(
                           ^^^^^^^^^^^^
  File "/home/bsc/bsc381408/.venvs/tfg/lib/python3.12/site-packages/transformers/utils/hub.py", line 322, in cached_file
    file = cached_files(path_or_repo_id=path_or_repo_id, filenames=[filename], **kwargs)
           ^^^^^^^^^^^^^^^^^^^^^^^^^^^^^^^^^^^^^^^^^^^^^^^^^^^^^^^^^^^^^^^^^^^^^^^^^^^^^
  File "/home/bsc/bsc381408/.venvs/tfg/lib/python3.12/site-packages/transformers/utils/hub.py", line 553, in cached_files
    raise OSError(
OSError: We couldn't connect to 'https://huggingface.co' to load the files, and couldn't find them in the cached files.
Check your internet connection or see how to run the library in offline mode at 'https://huggingface.co/docs/transformers/installation#offline-mode'.
